d:\c\fiverr\delivery\magnusivarsson\bl_src\blockout\vc2013\win32\release\blockout.ipdb
d:\c\fiverr\delivery\magnusivarsson\bl_src\blockout\vc2013\win32\release\blockout.iobj
d:\c\fiverr\delivery\magnusivarsson\bl_src\blockout\vc2013\win32\release\vc142.pdb
d:\c\fiverr\delivery\magnusivarsson\bl_src\blockout\vc2013\win32\release\setupmanager.obj
d:\c\fiverr\delivery\magnusivarsson\bl_src\blockout\vc2013\win32\release\pagehalloffameonline.obj
d:\c\fiverr\delivery\magnusivarsson\bl_src\blockout\vc2013\win32\release\pagehalloffame.obj
d:\c\fiverr\delivery\magnusivarsson\bl_src\blockout\vc2013\win32\release\blockout.obj
d:\c\fiverr\delivery\magnusivarsson\bl_src\blockout\vc2013\win32\release\pagemainmenu.obj
d:\c\fiverr\delivery\magnusivarsson\bl_src\blockout\vc2013\win32\release\pagehttp.obj
d:\c\fiverr\delivery\magnusivarsson\bl_src\blockout\vc2013\win32\release\pagegsoptions.obj
d:\c\fiverr\delivery\magnusivarsson\bl_src\blockout\vc2013\win32\release\pagecredits.obj
d:\c\fiverr\delivery\magnusivarsson\bl_src\blockout\vc2013\win32\release\pagecontrols.obj
d:\c\fiverr\delivery\magnusivarsson\bl_src\blockout\vc2013\win32\release\pagechoosesetup.obj
d:\c\fiverr\delivery\magnusivarsson\bl_src\blockout\vc2013\win32\release\pagechangesetup.obj
d:\c\fiverr\delivery\magnusivarsson\bl_src\blockout\vc2013\win32\release\menugrid.obj
d:\c\fiverr\delivery\magnusivarsson\bl_src\blockout\vc2013\win32\release\menugraphics.obj
d:\c\fiverr\delivery\magnusivarsson\bl_src\blockout\vc2013\win32\release\menu.obj
d:\c\fiverr\delivery\magnusivarsson\bl_src\blockout\vc2013\win32\release\initpolycube.obj
d:\c\fiverr\delivery\magnusivarsson\bl_src\blockout\vc2013\win32\release\http.obj
d:\c\fiverr\delivery\magnusivarsson\bl_src\blockout\vc2013\win32\release\game.obj
d:\c\fiverr\delivery\magnusivarsson\bl_src\blockout\vc2013\win32\release\editcontrol.obj
d:\c\fiverr\delivery\magnusivarsson\bl_src\blockout\vc2013\win32\release\botplayerai.obj
d:\c\fiverr\delivery\magnusivarsson\bl_src\blockout\vc2013\win32\release\botplayer.obj
d:\c\fiverr\delivery\magnusivarsson\bl_src\blockout\vc2013\win32\release\botmatrix.obj
d:\c\fiverr\delivery\magnusivarsson\bl_src\blockout\vc2013\win32\release\glsprite.obj
d:\c\fiverr\delivery\magnusivarsson\bl_src\blockout\vc2013\win32\release\glmatrix.obj
d:\c\fiverr\delivery\magnusivarsson\bl_src\blockout\vc2013\win32\release\glfont.obj
d:\c\fiverr\delivery\magnusivarsson\bl_src\blockout\vc2013\win32\release\glapp.obj
d:\c\fiverr\delivery\magnusivarsson\bl_src\blockout\vc2013\win32\release\utils.obj
d:\c\fiverr\delivery\magnusivarsson\bl_src\blockout\vc2013\win32\release\sprites.obj
d:\c\fiverr\delivery\magnusivarsson\bl_src\blockout\vc2013\win32\release\soundmanager.obj
d:\c\fiverr\delivery\magnusivarsson\bl_src\blockout\vc2013\win32\release\polycube.obj
d:\c\fiverr\delivery\magnusivarsson\bl_src\blockout\vc2013\win32\release\pit.obj
d:\c\fiverr\delivery\magnusivarsson\bl_src\blockout\vc2013\win32\release\pagestartgame.obj
d:\c\fiverr\delivery\magnusivarsson\bl_src\blockout\vc2013\win32\release\pagescoredetails.obj
d:\c\fiverr\delivery\magnusivarsson\bl_src\blockout\vc2013\win32\release\pageoptions.obj
d:\c\fiverr\delivery\magnusivarsson\bl_src\blockout\vc2013\win32\release\blockout.res
d:\c\fiverr\delivery\magnusivarsson\bl_src\blockout\vc2013\win32\release\blockout.tlog\blockout.write.1u.tlog
d:\c\fiverr\delivery\magnusivarsson\bl_src\blockout\vc2013\win32\release\blockout.tlog\cl.command.1.tlog
d:\c\fiverr\delivery\magnusivarsson\bl_src\blockout\vc2013\win32\release\blockout.tlog\cl.read.1.tlog
d:\c\fiverr\delivery\magnusivarsson\bl_src\blockout\vc2013\win32\release\blockout.tlog\cl.write.1.tlog
d:\c\fiverr\delivery\magnusivarsson\bl_src\blockout\vc2013\win32\release\blockout.tlog\link.command.1.tlog
d:\c\fiverr\delivery\magnusivarsson\bl_src\blockout\vc2013\win32\release\blockout.tlog\link.read.1.tlog
d:\c\fiverr\delivery\magnusivarsson\bl_src\blockout\vc2013\win32\release\blockout.tlog\link.write.1.tlog
d:\c\fiverr\delivery\magnusivarsson\bl_src\blockout\vc2013\win32\release\blockout.tlog\rc.command.1.tlog
d:\c\fiverr\delivery\magnusivarsson\bl_src\blockout\vc2013\win32\release\blockout.tlog\rc.read.1.tlog
d:\c\fiverr\delivery\magnusivarsson\bl_src\blockout\vc2013\win32\release\blockout.tlog\rc.write.1.tlog
